0 info it worked if it ends with ok
1 verbose cli [ 'C:\\Program Files\\nodejs\\node.exe',
1 verbose cli   'C:\\Program Files\\nodejs\\node_modules\\npm\\bin\\npm-cli.js',
1 verbose cli   'start' ]
2 info using npm@3.10.10
3 info using node@v6.9.4
4 verbose run-script [ 'prestart', 'start', 'poststart' ]
5 info lifecycle pup@~prestart: pup@
6 silly lifecycle pup@~prestart: no script for prestart, continuing
7 info lifecycle pup@~start: pup@
8 verbose lifecycle pup@~start: unsafe-perm in lifecycle true
9 verbose lifecycle pup@~start: PATH: C:\Program Files\nodejs\node_modules\npm\bin\node-gyp-bin;F:\Vigooth\Vigooth\node_modules\.bin;C:\oraclexe\app\oracle\product\11.2.0\server\bin;C:\ProgramData\Oracle\Java\javapath;C:\Windows\system32;C:\Windows;C:\Windows\System32\Wbem;C:\Windows\System32\WindowsPowerShell\v1.0\;C:\Program Files\WIDCOMM\Bluetooth Software\;C:\Program Files\WIDCOMM\Bluetooth Software\syswow64;C:\Program Files (x86)\NVIDIA Corporation\PhysX\Common;C:\Program Files\nodejs\;C:\Program Files\PostgreSQL\9.6\bin;C:\Program Files\Git\cmd;C:\ProgramData\chocolatey\bin;C:\Users\vigooth\AppData\Local\Programs\Python\Python36-32\Scripts\;C:\Users\vigooth\AppData\Local\Programs\Python\Python36-32\;C:\Users\vigooth\AppData\Roaming\npm;C:\Users\vigooth\AppData\Local\.meteor;
10 verbose lifecycle pup@~start: CWD: F:\Vigooth\Vigooth
11 silly lifecycle pup@~start: Args: [ '/d /s /c', 'meteor --settings settings-development.json' ]
12 silly lifecycle pup@~start: Returned: code: 3221225786  signal: null
13 info lifecycle pup@~start: Failed to exec start script
14 verbose stack Error: pup@ start: `meteor --settings settings-development.json`
14 verbose stack Exit status 3221225786
14 verbose stack     at EventEmitter.<anonymous> (C:\Program Files\nodejs\node_modules\npm\lib\utils\lifecycle.js:255:16)
14 verbose stack     at emitTwo (events.js:106:13)
14 verbose stack     at EventEmitter.emit (events.js:191:7)
14 verbose stack     at ChildProcess.<anonymous> (C:\Program Files\nodejs\node_modules\npm\lib\utils\spawn.js:40:14)
14 verbose stack     at emitTwo (events.js:106:13)
14 verbose stack     at ChildProcess.emit (events.js:191:7)
14 verbose stack     at maybeClose (internal/child_process.js:877:16)
14 verbose stack     at Process.ChildProcess._handle.onexit (internal/child_process.js:226:5)
15 verbose pkgid pup@
16 verbose cwd F:\Vigooth\Vigooth
17 error Windows_NT 6.1.7601
18 error argv "C:\\Program Files\\nodejs\\node.exe" "C:\\Program Files\\nodejs\\node_modules\\npm\\bin\\npm-cli.js" "start"
19 error node v6.9.4
20 error npm  v3.10.10
21 error code ELIFECYCLE
22 error pup@ start: `meteor --settings settings-development.json`
22 error Exit status 3221225786
23 error Failed at the pup@ start script 'meteor --settings settings-development.json'.
23 error Make sure you have the latest version of node.js and npm installed.
23 error If you do, this is most likely a problem with the pup package,
23 error not with npm itself.
23 error Tell the author that this fails on your system:
23 error     meteor --settings settings-development.json
23 error You can get information on how to open an issue for this project with:
23 error     npm bugs pup
23 error Or if that isn't available, you can get their info via:
23 error     npm owner ls pup
23 error There is likely additional logging output above.
24 verbose exit [ 1, true ]
